[2026-05-11 05:48:21] local.ERROR: Class "Redis" not found {"exception":"[object] (Error(code: 0): Class \"Redis\" not found at /mnt/i/Talian-li-anzimat-al-muhasaba-/backend/vendor/laravel/framework/src/Illuminate/Redis/Connectors/PhpRedisConnector.php:79)
[stacktrace]
#0 /mnt/i/Talian-li-anzimat-al-muhasaba-/backend/vendor/laravel/framework/src/Illuminate/Redis/Connectors/PhpRedisConnector.php(33): Illuminate\\Redis\\Connectors\\PhpRedisConnector->createClient()
#1 /mnt/i/Talian-li-anzimat-al-muhasaba-/backend/vendor/laravel/framework/src/Illuminate/Redis/Connectors/PhpRedisConnector.php(38): Illuminate\\Redis\\Connectors\\PhpRedisConnector->Illuminate\\Redis\\Connectors\\{closure}()
#2 /mnt/i/Talian-li-anzimat-al-muhasaba-/backend/vendor/laravel/framework/src/Illuminate/Redis/RedisManager.php(110): Illuminate\\Redis\\Connectors\\PhpRedisConnector->connect()
#3 /mnt/i/Talian-li-anzimat-al-muhasaba-/backend/vendor/laravel/framework/src/Illuminate/Redis/RedisManager.php(91): Illuminate\\Redis\\RedisManager->resolve()
#4 /mnt/i/Talian-li-anzimat-al-muhasaba-/backend/vendor/laravel/framework/src/Illuminate/Cache/RedisStore.php(357): Illuminate\\Redis\\RedisManager->connection()
#5 /mnt/i/Talian-li-anzimat-al-muhasaba-/backend/vendor/laravel/framework/src/Illuminate/Cache/RedisStore.php(71): Illuminate\\Cache\\RedisStore->connection()
#6 /mnt/i/Talian-li-anzimat-al-muhasaba-/backend/vendor/laravel/framework/src/Illuminate/Cache/Repository.php(117): Illuminate\\Cache\\RedisStore->get()
#7 /mnt/i/Talian-li-anzimat-al-muhasaba-/backend/vendor/laravel/framework/src/Illuminate/Session/CacheBasedSessionHandler.php(64): Illuminate\\Cache\\Repository->get()
#8 /mnt/i/Talian-li-anzimat-al-muhasaba-/backend/vendor/laravel/framework/src/Illuminate/Session/Store.php(117): Illuminate\\Session\\CacheBasedSessionHandler->read()
#9 /mnt/i/Talian-li-anzimat-al-muhasaba-/backend/vendor/laravel/framework/src/Illuminate/Session/Store.php(105): Illuminate\\Session\\Store->readFromHandler()
#10 /mnt/i/Talian-li-anzimat-al-muhasaba-/backend/vendor/laravel/framework/src/Illuminate/Session/Store.php(89): Illuminate\\Session\\Store->loadSession()
#11 /mnt/i/Talian-li-anzimat-al-muhasaba-/backend/vendor/laravel/framework/src/Illuminate/Session/Middleware/StartSession.php(147): Illuminate\\Session\\Store->start()
#12 /mnt/i/Talian-li-anzimat-al-muhasaba-/backend/vendor/laravel/framework/src/Illuminate/Support/helpers.php(399): Illuminate\\Session\\Middleware\\StartSession->Illuminate\\Session\\Middleware\\{closure}()
#13 /mnt/i/Talian-li-anzimat-al-muhasaba-/backend/vendor/laravel/framework/src/Illuminate/Session/Middleware/StartSession.php(144): tap()
#14 /mnt/i/Talian-li-anzimat-al-muhasaba-/backend/vendor/laravel/framework/src/Illuminate/Session/Middleware/StartSession.php(116): Illuminate\\Session\\Middleware\\StartSession->startSession()
#15 /mnt/i/Talian-li-anzimat-al-muhasaba-/backend/vendor/laravel/framework/src/Illuminate/Session/Middleware/StartSession.php(64): Illuminate\\Session\\Middleware\\StartSession->handleStatefulRequest()
#16 /mnt/i/Talian-li-anzimat-al-muhasaba-/backend/vendor/laravel/framework/src/Illuminate/Pipeline/Pipeline.php(209): Illuminate\\Session\\Middleware\\StartSession->handle()
#17 /mnt/i/Talian-li-anzimat-al-muhasaba-/backend/vendor/laravel/framework/src/Illuminate/Cookie/Middleware/AddQueuedCookiesToResponse.php(37): Illuminate\\Pipeline\\Pipeline->Illuminate\\Pipeline\\{closure}()
#18 /mnt/i/Talian-li-anzimat-al-muhasaba-/backend/vendor/laravel/framework/src/Illuminate/Pipeline/Pipeline.php(209): Illuminate\\Cookie\\Middleware\\AddQueuedCookiesToResponse->handle()
#19 /mnt/i/Talian-li-anzimat-al-muhasaba-/backend/vendor/laravel/framework/src/Illuminate/Cookie/Middleware/EncryptCookies.php(75): Illuminate\\Pipeline\\Pipeline->Illuminate\\Pipeline\\{closure}()
#20 /mnt/i/Talian-li-anzimat-al-muhasaba-/backend/vendor/laravel/framework/src/Illuminate/Pipeline/Pipeline.php(209): Illuminate\\Cookie\\Middleware\\EncryptCookies->handle()
#21 /mnt/i/Talian-li-anzimat-al-muhasaba-/backend/vendor/laravel/framework/src/Illuminate/Pipeline/Pipeline.php(127): Illuminate\\Pipeline\\Pipeline->Illuminate\\Pipeline\\{closure}()
#22 /mnt/i/Talian-li-anzimat-al-muhasaba-/backend/vendor/laravel/framework/src/Illuminate/Routing/Router.php(807): Illuminate\\Pipeline\\Pipeline->then()
#23 /mnt/i/Talian-li-anzimat-al-muhasaba-/backend/vendor/laravel/framework/src/Illuminate/Routing/Router.php(786): Illuminate\\Routing\\Router->runRouteWithinStack()
#24 /mnt/i/Talian-li-anzimat-al-muhasaba-/backend/vendor/laravel/framework/src/Illuminate/Routing/Router.php(750): Illuminate\\Routing\\Router->runRoute()
#25 /mnt/i/Talian-li-anzimat-al-muhasaba-/backend/vendor/laravel/framework/src/Illuminate/Routing/Router.php(739): Illuminate\\Routing\\Router->dispatchToRoute()
#26 /mnt/i/Talian-li-anzimat-al-muhasaba-/backend/vendor/laravel/framework/src/Illuminate/Foundation/Http/Kernel.php(201): Illuminate\\Routing\\Router->dispatch()
#27 /mnt/i/Talian-li-anzimat-al-muhasaba-/backend/vendor/laravel/framework/src/Illuminate/Pipeline/Pipeline.php(170): Illuminate\\Foundation\\Http\\Kernel->Illuminate\\Foundation\\Http\\{closure}()
#28 /mnt/i/Talian-li-anzimat-al-muhasaba-/backend/vendor/laravel/framework/src/Illuminate/Foundation/Http/Middleware/TransformsRequest.php(21): Illuminate\\Pipeline\\Pipeline->Illuminate\\Pipeline\\{closure}()
#29 /mnt/i/Talian-li-anzimat-al-muhasaba-/backend/vendor/laravel/framework/src/Illuminate/Foundation/Http/Middleware/ConvertEmptyStringsToNull.php(31): Illuminate\\Foundation\\Http\\Middleware\\TransformsRequest->handle()
#30 /mnt/i/Talian-li-anzimat-al-muhasaba-/backend/vendor/laravel/framework/src/Illuminate/Pipeline/Pipeline.php(209): Illuminate\\Foundation\\Http\\Middleware\\ConvertEmptyStringsToNull->handle()
#31 /mnt/i/Talian-li-anzimat-al-muhasaba-/backend/vendor/laravel/framework/src/Illuminate/Foundation/Http/Middleware/TransformsRequest.php(21): Illuminate\\Pipeline\\Pipeline->Illuminate\\Pipeline\\{closure}()
#32 /mnt/i/Talian-li-anzimat-al-muhasaba-/backend/vendor/laravel/framework/src/Illuminate/Foundation/Http/Middleware/TrimStrings.php(51): Illuminate\\Foundation\\Http\\Middleware\\TransformsRequest->handle()
#33 /mnt/i/Talian-li-anzimat-al-muhasaba-/backend/vendor/laravel/framework/src/Illuminate/Pipeline/Pipeline.php(209): Illuminate\\Foundation\\Http\\Middleware\\TrimStrings->handle()
#34 /mnt/i/Talian-li-anzimat-al-muhasaba-/backend/vendor/laravel/framework/src/Illuminate/Http/Middleware/ValidatePostSize.php(27): Illuminate\\Pipeline\\Pipeline->Illuminate\\Pipeline\\{closure}()
#35 /mnt/i/Talian-li-anzimat-al-muhasaba-/backend/vendor/laravel/framework/src/Illuminate/Pipeline/Pipeline.php(209): Illuminate\\Http\\Middleware\\ValidatePostSize->handle()
#36 /mnt/i/Talian-li-anzimat-al-muhasaba-/backend/vendor/laravel/framework/src/Illuminate/Foundation/Http/Middleware/PreventRequestsDuringMaintenance.php(110): Illuminate\\Pipeline\\Pipeline->Illuminate\\Pipeline\\{closure}()
#37 /mnt/i/Talian-li-anzimat-al-muhasaba-/backend/vendor/laravel/framework/src/Illuminate/Pipeline/Pipeline.php(209): Illuminate\\Foundation\\Http\\Middleware\\PreventRequestsDuringMaintenance->handle()
#38 /mnt/i/Talian-li-anzimat-al-muhasaba-/backend/vendor/laravel/framework/src/Illuminate/Http/Middleware/HandleCors.php(49): Illuminate\\Pipeline\\Pipeline->Illuminate\\Pipeline\\{closure}()
#39 /mnt/i/Talian-li-anzimat-al-muhasaba-/backend/vendor/laravel/framework/src/Illuminate/Pipeline/Pipeline.php(209): Illuminate\\Http\\Middleware\\HandleCors->handle()
#40 /mnt/i/Talian-li-anzimat-al-muhasaba-/backend/vendor/laravel/framework/src/Illuminate/Http/Middleware/TrustProxies.php(58): Illuminate\\Pipeline\\Pipeline->Illuminate\\Pipeline\\{closure}()
#41 /mnt/i/Talian-li-anzimat-al-muhasaba-/backend/vendor/laravel/framework/src/Illuminate/Pipeline/Pipeline.php(209): Illuminate\\Http\\Middleware\\TrustProxies->handle()
#42 /mnt/i/Talian-li-anzimat-al-muhasaba-/backend/vendor/laravel/framework/src/Illuminate/Foundation/Http/Middleware/InvokeDeferredCallbacks.php(22): Illuminate\\Pipeline\\Pipeline->Illuminate\\Pipeline\\{closure}()
#43 /mnt/i/Talian-li-anzimat-al-muhasaba-/backend/vendor/laravel/framework/src/Illuminate/Pipeline/Pipeline.php(209): Illuminate\\Foundation\\Http\\Middleware\\InvokeDeferredCallbacks->handle()
#44 /mnt/i/Talian-li-anzimat-al-muhasaba-/backend/vendor/laravel/framework/src/Illuminate/Pipeline/Pipeline.php(127): Illuminate\\Pipeline\\Pipeline->Illuminate\\Pipeline\\{closure}()
#45 /mnt/i/Talian-li-anzimat-al-muhasaba-/backend/vendor/laravel/framework/src/Illuminate/Foundation/Http/Kernel.php(176): Illuminate\\Pipeline\\Pipeline->then()
#46 /mnt/i/Talian-li-anzimat-al-muhasaba-/backend/vendor/laravel/framework/src/Illuminate/Foundation/Http/Kernel.php(145): Illuminate\\Foundation\\Http\\Kernel->sendRequestThroughRouter()
#47 /mnt/i/Talian-li-anzimat-al-muhasaba-/backend/vendor/laravel/framework/src/Illuminate/Foundation/Application.php(1220): Illuminate\\Foundation\\Http\\Kernel->handle()
#48 /mnt/i/Talian-li-anzimat-al-muhasaba-/backend/public/index.php(20): Illuminate\\Foundation\\Application->handleRequest()
#49 /mnt/i/Talian-li-anzimat-al-muhasaba-/backend/vendor/laravel/framework/src/Illuminate/Foundation/resources/server.php(23): require_once('...')
#50 {main}
"} 
[2026-05-11 06:51:58] local.ERROR: Class "Redis" not found {"exception":"[object] (Error(code: 0): Class \"Redis\" not found at /mnt/i/Talian-li-anzimat-al-muhasaba-/backend/vendor/laravel/framework/src/Illuminate/Redis/Connectors/PhpRedisConnector.php:79)
[stacktrace]
#0 /mnt/i/Talian-li-anzimat-al-muhasaba-/backend/vendor/laravel/framework/src/Illuminate/Redis/Connectors/PhpRedisConnector.php(33): Illuminate\\Redis\\Connectors\\PhpRedisConnector->createClient()
#1 /mnt/i/Talian-li-anzimat-al-muhasaba-/backend/vendor/laravel/framework/src/Illuminate/Redis/Connectors/PhpRedisConnector.php(38): Illuminate\\Redis\\Connectors\\PhpRedisConnector->Illuminate\\Redis\\Connectors\\{closure}()
#2 /mnt/i/Talian-li-anzimat-al-muhasaba-/backend/vendor/laravel/framework/src/Illuminate/Redis/RedisManager.php(110): Illuminate\\Redis\\Connectors\\PhpRedisConnector->connect()
#3 /mnt/i/Talian-li-anzimat-al-muhasaba-/backend/vendor/laravel/framework/src/Illuminate/Redis/RedisManager.php(91): Illuminate\\Redis\\RedisManager->resolve()
#4 /mnt/i/Talian-li-anzimat-al-muhasaba-/backend/vendor/laravel/framework/src/Illuminate/Cache/RedisStore.php(357): Illuminate\\Redis\\RedisManager->connection()
#5 /mnt/i/Talian-li-anzimat-al-muhasaba-/backend/vendor/laravel/framework/src/Illuminate/Cache/RedisStore.php(270): Illuminate\\Cache\\RedisStore->connection()
#6 /mnt/i/Talian-li-anzimat-al-muhasaba-/backend/vendor/laravel/framework/src/Illuminate/Cache/Repository.php(792): Illuminate\\Cache\\RedisStore->flush()
#7 /mnt/i/Talian-li-anzimat-al-muhasaba-/backend/vendor/laravel/framework/src/Illuminate/Cache/Console/ClearCommand.php(69): Illuminate\\Cache\\Repository->__call()
#8 /mnt/i/Talian-li-anzimat-al-muhasaba-/backend/vendor/laravel/framework/src/Illuminate/Container/BoundMethod.php(36): Illuminate\\Cache\\Console\\ClearCommand->handle()
#9 /mnt/i/Talian-li-anzimat-al-muhasaba-/backend/vendor/laravel/framework/src/Illuminate/Container/Util.php(43): Illuminate\\Container\\BoundMethod::Illuminate\\Container\\{closure}()
#10 /mnt/i/Talian-li-anzimat-al-muhasaba-/backend/vendor/laravel/framework/src/Illuminate/Container/BoundMethod.php(95): Illuminate\\Container\\Util::unwrapIfClosure()
#11 /mnt/i/Talian-li-anzimat-al-muhasaba-/backend/vendor/laravel/framework/src/Illuminate/Container/BoundMethod.php(35): Illuminate\\Container\\BoundMethod::callBoundMethod()
#12 /mnt/i/Talian-li-anzimat-al-muhasaba-/backend/vendor/laravel/framework/src/Illuminate/Container/Container.php(696): Illuminate\\Container\\BoundMethod::call()
#13 /mnt/i/Talian-li-anzimat-al-muhasaba-/backend/vendor/laravel/framework/src/Illuminate/Console/Command.php(213): Illuminate\\Container\\Container->call()
#14 /mnt/i/Talian-li-anzimat-al-muhasaba-/backend/vendor/symfony/console/Command/Command.php(341): Illuminate\\Console\\Command->execute()
#15 /mnt/i/Talian-li-anzimat-al-muhasaba-/backend/vendor/laravel/framework/src/Illuminate/Console/Command.php(182): Symfony\\Component\\Console\\Command\\Command->run()
#16 /mnt/i/Talian-li-anzimat-al-muhasaba-/backend/vendor/symfony/console/Application.php(1117): Illuminate\\Console\\Command->run()
#17 /mnt/i/Talian-li-anzimat-al-muhasaba-/backend/vendor/symfony/console/Application.php(356): Symfony\\Component\\Console\\Application->doRunCommand()
#18 /mnt/i/Talian-li-anzimat-al-muhasaba-/backend/vendor/symfony/console/Application.php(195): Symfony\\Component\\Console\\Application->doRun()
#19 /mnt/i/Talian-li-anzimat-al-muhasaba-/backend/vendor/laravel/framework/src/Illuminate/Foundation/Console/Kernel.php(198): Symfony\\Component\\Console\\Application->run()
#20 /mnt/i/Talian-li-anzimat-al-muhasaba-/backend/artisan(14): Illuminate\\Foundation\\Console\\Kernel->handle()
#21 {main}
"} 
[2026-05-11 06:52:02] local.ERROR: SQLSTATE[HY000] [1698] Access denied for user 'talian'@'localhost' (Connection: mysql, SQL: select exists (select 1 from information_schema.tables where table_schema = 'talian_erp' and table_name = 'migrations' and table_type in ('BASE TABLE', 'SYSTEM VERSIONED')) as `exists`) {"exception":"[object] (Illuminate\\Database\\QueryException(code: 1698): SQLSTATE[HY000] [1698] Access denied for user 'talian'@'localhost' (Connection: mysql, SQL: select exists (select 1 from information_schema.tables where table_schema = 'talian_erp' and table_name = 'migrations' and table_type in ('BASE TABLE', 'SYSTEM VERSIONED')) as `exists`) at /mnt/i/Talian-li-anzimat-al-muhasaba-/backend/vendor/laravel/framework/src/Illuminate/Database/Connection.php:825)
[stacktrace]
#0 /mnt/i/Talian-li-anzimat-al-muhasaba-/backend/vendor/laravel/framework/src/Illuminate/Database/Connection.php(779): Illuminate\\Database\\Connection->runQueryCallback()
#1 /mnt/i/Talian-li-anzimat-al-muhasaba-/backend/vendor/laravel/framework/src/Illuminate/Database/Connection.php(398): Illuminate\\Database\\Connection->run()
#2 /mnt/i/Talian-li-anzimat-al-muhasaba-/backend/vendor/laravel/framework/src/Illuminate/Database/Connection.php(344): Illuminate\\Database\\Connection->select()
#3 /mnt/i/Talian-li-anzimat-al-muhasaba-/backend/vendor/laravel/framework/src/Illuminate/Database/Connection.php(361): Illuminate\\Database\\Connection->selectOne()
#4 /mnt/i/Talian-li-anzimat-al-muhasaba-/backend/vendor/laravel/framework/src/Illuminate/Database/Schema/MySqlBuilder.php(45): Illuminate\\Database\\Connection->scalar()
#5 /mnt/i/Talian-li-anzimat-al-muhasaba-/backend/vendor/laravel/framework/src/Illuminate/Database/Migrations/DatabaseMigrationRepository.php(184): Illuminate\\Database\\Schema\\MySqlBuilder->hasTable()
#6 /mnt/i/Talian-li-anzimat-al-muhasaba-/backend/vendor/laravel/framework/src/Illuminate/Database/Migrations/Migrator.php(742): Illuminate\\Database\\Migrations\\DatabaseMigrationRepository->repositoryExists()
#7 /mnt/i/Talian-li-anzimat-al-muhasaba-/backend/vendor/laravel/framework/src/Illuminate/Database/Console/Migrations/MigrateCommand.php(165): Illuminate\\Database\\Migrations\\Migrator->repositoryExists()
#8 /mnt/i/Talian-li-anzimat-al-muhasaba-/backend/vendor/laravel/framework/src/Illuminate/Support/helpers.php(338): Illuminate\\Database\\Console\\Migrations\\MigrateCommand->Illuminate\\Database\\Console\\Migrations\\{closure}()
#9 /mnt/i/Talian-li-anzimat-al-muhasaba-/backend/vendor/laravel/framework/src/Illuminate/Database/Console/Migrations/MigrateCommand.php(165): retry()
#10 /mnt/i/Talian-li-anzimat-al-muhasaba-/backend/vendor/laravel/framework/src/Illuminate/Database/Console/Migrations/MigrateCommand.php(141): Illuminate\\Database\\Console\\Migrations\\MigrateCommand->repositoryExists()
#11 /mnt/i/Talian-li-anzimat-al-muhasaba-/backend/vendor/laravel/framework/src/Illuminate/Database/Console/Migrations/MigrateCommand.php(111): Illuminate\\Database\\Console\\Migrations\\MigrateCommand->prepareDatabase()
#12 /mnt/i/Talian-li-anzimat-al-muhasaba-/backend/vendor/laravel/framework/src/Illuminate/Database/Migrations/Migrator.php(658): Illuminate\\Database\\Console\\Migrations\\MigrateCommand->Illuminate\\Database\\Console\\Migrations\\{closure}()
#13 /mnt/i/Talian-li-anzimat-al-muhasaba-/backend/vendor/laravel/framework/src/Illuminate/Database/Console/Migrations/MigrateCommand.php(110): Illuminate\\Database\\Migrations\\Migrator->usingConnection()
#14 /mnt/i/Talian-li-anzimat-al-muhasaba-/backend/vendor/laravel/framework/src/Illuminate/Database/Console/Migrations/MigrateCommand.php(89): Illuminate\\Database\\Console\\Migrations\\MigrateCommand->runMigrations()
#15 /mnt/i/Talian-li-anzimat-al-muhasaba-/backend/vendor/laravel/framework/src/Illuminate/Container/BoundMethod.php(36): Illuminate\\Database\\Console\\Migrations\\MigrateCommand->handle()
#16 /mnt/i/Talian-li-anzimat-al-muhasaba-/backend/vendor/laravel/framework/src/Illuminate/Container/Util.php(43): Illuminate\\Container\\BoundMethod::Illuminate\\Container\\{closure}()
#17 /mnt/i/Talian-li-anzimat-al-muhasaba-/backend/vendor/laravel/framework/src/Illuminate/Container/BoundMethod.php(95): Illuminate\\Container\\Util::unwrapIfClosure()
#18 /mnt/i/Talian-li-anzimat-al-muhasaba-/backend/vendor/laravel/framework/src/Illuminate/Container/BoundMethod.php(35): Illuminate\\Container\\BoundMethod::callBoundMethod()
#19 /mnt/i/Talian-li-anzimat-al-muhasaba-/backend/vendor/laravel/framework/src/Illuminate/Container/Container.php(696): Illuminate\\Container\\BoundMethod::call()
#20 /mnt/i/Talian-li-anzimat-al-muhasaba-/backend/vendor/laravel/framework/src/Illuminate/Console/Command.php(213): Illuminate\\Container\\Container->call()
#21 /mnt/i/Talian-li-anzimat-al-muhasaba-/backend/vendor/symfony/console/Command/Command.php(341): Illuminate\\Console\\Command->execute()
#22 /mnt/i/Talian-li-anzimat-al-muhasaba-/backend/vendor/laravel/framework/src/Illuminate/Console/Command.php(182): Symfony\\Component\\Console\\Command\\Command->run()
#23 /mnt/i/Talian-li-anzimat-al-muhasaba-/backend/vendor/symfony/console/Application.php(1117): Illuminate\\Console\\Command->run()
#24 /mnt/i/Talian-li-anzimat-al-muhasaba-/backend/vendor/symfony/console/Application.php(356): Symfony\\Component\\Console\\Application->doRunCommand()
#25 /mnt/i/Talian-li-anzimat-al-muhasaba-/backend/vendor/symfony/console/Application.php(195): Symfony\\Component\\Console\\Application->doRun()
#26 /mnt/i/Talian-li-anzimat-al-muhasaba-/backend/vendor/laravel/framework/src/Illuminate/Foundation/Console/Kernel.php(198): Symfony\\Component\\Console\\Application->run()
#27 /mnt/i/Talian-li-anzimat-al-muhasaba-/backend/artisan(14): Illuminate\\Foundation\\Console\\Kernel->handle()
#28 {main}

[previous exception] [object] (PDOException(code: 1698): SQLSTATE[HY000] [1698] Access denied for user 'talian'@'localhost' at /mnt/i/Talian-li-anzimat-al-muhasaba-/backend/vendor/laravel/framework/src/Illuminate/Database/Connectors/Connector.php:66)
[stacktrace]
#0 /mnt/i/Talian-li-anzimat-al-muhasaba-/backend/vendor/laravel/framework/src/Illuminate/Database/Connectors/Connector.php(66): PDO->__construct()
#1 /mnt/i/Talian-li-anzimat-al-muhasaba-/backend/vendor/laravel/framework/src/Illuminate/Database/Connectors/Connector.php(44): Illuminate\\Database\\Connectors\\Connector->createPdoConnection()
#2 /mnt/i/Talian-li-anzimat-al-muhasaba-/backend/vendor/laravel/framework/src/Illuminate/Database/Connectors/MySqlConnector.php(24): Illuminate\\Database\\Connectors\\Connector->createConnection()
#3 /mnt/i/Talian-li-anzimat-al-muhasaba-/backend/vendor/laravel/framework/src/Illuminate/Database/Connectors/ConnectionFactory.php(185): Illuminate\\Database\\Connectors\\MySqlConnector->connect()
#4 [internal function]: Illuminate\\Database\\Connectors\\ConnectionFactory->Illuminate\\Database\\Connectors\\{closure}()
#5 /mnt/i/Talian-li-anzimat-al-muhasaba-/backend/vendor/laravel/framework/src/Illuminate/Database/Connection.php(1231): call_user_func()
#6 /mnt/i/Talian-li-anzimat-al-muhasaba-/backend/vendor/laravel/framework/src/Illuminate/Database/Connection.php(1267): Illuminate\\Database\\Connection->getPdo()
#7 /mnt/i/Talian-li-anzimat-al-muhasaba-/backend/vendor/laravel/framework/src/Illuminate/Database/Connection.php(512): Illuminate\\Database\\Connection->getReadPdo()
#8 /mnt/i/Talian-li-anzimat-al-muhasaba-/backend/vendor/laravel/framework/src/Illuminate/Database/Connection.php(407): Illuminate\\Database\\Connection->getPdoForSelect()
#9 /mnt/i/Talian-li-anzimat-al-muhasaba-/backend/vendor/laravel/framework/src/Illuminate/Database/Connection.php(812): Illuminate\\Database\\Connection->Illuminate\\Database\\{closure}()
#10 /mnt/i/Talian-li-anzimat-al-muhasaba-/backend/vendor/laravel/framework/src/Illuminate/Database/Connection.php(779): Illuminate\\Database\\Connection->runQueryCallback()
#11 /mnt/i/Talian-li-anzimat-al-muhasaba-/backend/vendor/laravel/framework/src/Illuminate/Database/Connection.php(398): Illuminate\\Database\\Connection->run()
#12 /mnt/i/Talian-li-anzimat-al-muhasaba-/backend/vendor/laravel/framework/src/Illuminate/Database/Connection.php(344): Illuminate\\Database\\Connection->select()
#13 /mnt/i/Talian-li-anzimat-al-muhasaba-/backend/vendor/laravel/framework/src/Illuminate/Database/Connection.php(361): Illuminate\\Database\\Connection->selectOne()
#14 /mnt/i/Talian-li-anzimat-al-muhasaba-/backend/vendor/laravel/framework/src/Illuminate/Database/Schema/MySqlBuilder.php(45): Illuminate\\Database\\Connection->scalar()
#15 /mnt/i/Talian-li-anzimat-al-muhasaba-/backend/vendor/laravel/framework/src/Illuminate/Database/Migrations/DatabaseMigrationRepository.php(184): Illuminate\\Database\\Schema\\MySqlBuilder->hasTable()
#16 /mnt/i/Talian-li-anzimat-al-muhasaba-/backend/vendor/laravel/framework/src/Illuminate/Database/Migrations/Migrator.php(742): Illuminate\\Database\\Migrations\\DatabaseMigrationRepository->repositoryExists()
#17 /mnt/i/Talian-li-anzimat-al-muhasaba-/backend/vendor/laravel/framework/src/Illuminate/Database/Console/Migrations/MigrateCommand.php(165): Illuminate\\Database\\Migrations\\Migrator->repositoryExists()
#18 /mnt/i/Talian-li-anzimat-al-muhasaba-/backend/vendor/laravel/framework/src/Illuminate/Support/helpers.php(338): Illuminate\\Database\\Console\\Migrations\\MigrateCommand->Illuminate\\Database\\Console\\Migrations\\{closure}()
#19 /mnt/i/Talian-li-anzimat-al-muhasaba-/backend/vendor/laravel/framework/src/Illuminate/Database/Console/Migrations/MigrateCommand.php(165): retry()
#20 /mnt/i/Talian-li-anzimat-al-muhasaba-/backend/vendor/laravel/framework/src/Illuminate/Database/Console/Migrations/MigrateCommand.php(141): Illuminate\\Database\\Console\\Migrations\\MigrateCommand->repositoryExists()
#21 /mnt/i/Talian-li-anzimat-al-muhasaba-/backend/vendor/laravel/framework/src/Illuminate/Database/Console/Migrations/MigrateCommand.php(111): Illuminate\\Database\\Console\\Migrations\\MigrateCommand->prepareDatabase()
#22 /mnt/i/Talian-li-anzimat-al-muhasaba-/backend/vendor/laravel/framework/src/Illuminate/Database/Migrations/Migrator.php(658): Illuminate\\Database\\Console\\Migrations\\MigrateCommand->Illuminate\\Database\\Console\\Migrations\\{closure}()
#23 /mnt/i/Talian-li-anzimat-al-muhasaba-/backend/vendor/laravel/framework/src/Illuminate/Database/Console/Migrations/MigrateCommand.php(110): Illuminate\\Database\\Migrations\\Migrator->usingConnection()
#24 /mnt/i/Talian-li-anzimat-al-muhasaba-/backend/vendor/laravel/framework/src/Illuminate/Database/Console/Migrations/MigrateCommand.php(89): Illuminate\\Database\\Console\\Migrations\\MigrateCommand->runMigrations()
#25 /mnt/i/Talian-li-anzimat-al-muhasaba-/backend/vendor/laravel/framework/src/Illuminate/Container/BoundMethod.php(36): Illuminate\\Database\\Console\\Migrations\\MigrateCommand->handle()
#26 /mnt/i/Talian-li-anzimat-al-muhasaba-/backend/vendor/laravel/framework/src/Illuminate/Container/Util.php(43): Illuminate\\Container\\BoundMethod::Illuminate\\Container\\{closure}()
#27 /mnt/i/Talian-li-anzimat-al-muhasaba-/backend/vendor/laravel/framework/src/Illuminate/Container/BoundMethod.php(95): Illuminate\\Container\\Util::unwrapIfClosure()
#28 /mnt/i/Talian-li-anzimat-al-muhasaba-/backend/vendor/laravel/framework/src/Illuminate/Container/BoundMethod.php(35): Illuminate\\Container\\BoundMethod::callBoundMethod()
#29 /mnt/i/Talian-li-anzimat-al-muhasaba-/backend/vendor/laravel/framework/src/Illuminate/Container/Container.php(696): Illuminate\\Container\\BoundMethod::call()
#30 /mnt/i/Talian-li-anzimat-al-muhasaba-/backend/vendor/laravel/framework/src/Illuminate/Console/Command.php(213): Illuminate\\Container\\Container->call()
#31 /mnt/i/Talian-li-anzimat-al-muhasaba-/backend/vendor/symfony/console/Command/Command.php(341): Illuminate\\Console\\Command->execute()
#32 /mnt/i/Talian-li-anzimat-al-muhasaba-/backend/vendor/laravel/framework/src/Illuminate/Console/Command.php(182): Symfony\\Component\\Console\\Command\\Command->run()
#33 /mnt/i/Talian-li-anzimat-al-muhasaba-/backend/vendor/symfony/console/Application.php(1117): Illuminate\\Console\\Command->run()
#34 /mnt/i/Talian-li-anzimat-al-muhasaba-/backend/vendor/symfony/console/Application.php(356): Symfony\\Component\\Console\\Application->doRunCommand()
#35 /mnt/i/Talian-li-anzimat-al-muhasaba-/backend/vendor/symfony/console/Application.php(195): Symfony\\Component\\Console\\Application->doRun()
#36 /mnt/i/Talian-li-anzimat-al-muhasaba-/backend/vendor/laravel/framework/src/Illuminate/Foundation/Console/Kernel.php(198): Symfony\\Component\\Console\\Application->run()
#37 /mnt/i/Talian-li-anzimat-al-muhasaba-/backend/artisan(14): Illuminate\\Foundation\\Console\\Kernel->handle()
#38 {main}
"} 
[2026-05-11 06:52:13] local.ERROR: Class "Redis" not found {"exception":"[object] (Error(code: 0): Class \"Redis\" not found at /mnt/i/Talian-li-anzimat-al-muhasaba-/backend/vendor/laravel/framework/src/Illuminate/Redis/Connectors/PhpRedisConnector.php:79)
[stacktrace]
#0 /mnt/i/Talian-li-anzimat-al-muhasaba-/backend/vendor/laravel/framework/src/Illuminate/Redis/Connectors/PhpRedisConnector.php(33): Illuminate\\Redis\\Connectors\\PhpRedisConnector->createClient()
#1 /mnt/i/Talian-li-anzimat-al-muhasaba-/backend/vendor/laravel/framework/src/Illuminate/Redis/Connectors/PhpRedisConnector.php(38): Illuminate\\Redis\\Connectors\\PhpRedisConnector->Illuminate\\Redis\\Connectors\\{closure}()
#2 /mnt/i/Talian-li-anzimat-al-muhasaba-/backend/vendor/laravel/framework/src/Illuminate/Redis/RedisManager.php(110): Illuminate\\Redis\\Connectors\\PhpRedisConnector->connect()
#3 /mnt/i/Talian-li-anzimat-al-muhasaba-/backend/vendor/laravel/framework/src/Illuminate/Redis/RedisManager.php(91): Illuminate\\Redis\\RedisManager->resolve()
#4 /mnt/i/Talian-li-anzimat-al-muhasaba-/backend/vendor/laravel/framework/src/Illuminate/Cache/RedisStore.php(357): Illuminate\\Redis\\RedisManager->connection()
#5 /mnt/i/Talian-li-anzimat-al-muhasaba-/backend/vendor/laravel/framework/src/Illuminate/Cache/RedisStore.php(270): Illuminate\\Cache\\RedisStore->connection()
#6 /mnt/i/Talian-li-anzimat-al-muhasaba-/backend/vendor/laravel/framework/src/Illuminate/Cache/Repository.php(792): Illuminate\\Cache\\RedisStore->flush()
#7 /mnt/i/Talian-li-anzimat-al-muhasaba-/backend/vendor/laravel/framework/src/Illuminate/Cache/Console/ClearCommand.php(69): Illuminate\\Cache\\Repository->__call()
#8 /mnt/i/Talian-li-anzimat-al-muhasaba-/backend/vendor/laravel/framework/src/Illuminate/Container/BoundMethod.php(36): Illuminate\\Cache\\Console\\ClearCommand->handle()
#9 /mnt/i/Talian-li-anzimat-al-muhasaba-/backend/vendor/laravel/framework/src/Illuminate/Container/Util.php(43): Illuminate\\Container\\BoundMethod::Illuminate\\Container\\{closure}()
#10 /mnt/i/Talian-li-anzimat-al-muhasaba-/backend/vendor/laravel/framework/src/Illuminate/Container/BoundMethod.php(95): Illuminate\\Container\\Util::unwrapIfClosure()
#11 /mnt/i/Talian-li-anzimat-al-muhasaba-/backend/vendor/laravel/framework/src/Illuminate/Container/BoundMethod.php(35): Illuminate\\Container\\BoundMethod::callBoundMethod()
#12 /mnt/i/Talian-li-anzimat-al-muhasaba-/backend/vendor/laravel/framework/src/Illuminate/Container/Container.php(696): Illuminate\\Container\\BoundMethod::call()
#13 /mnt/i/Talian-li-anzimat-al-muhasaba-/backend/vendor/laravel/framework/src/Illuminate/Console/Command.php(213): Illuminate\\Container\\Container->call()
#14 /mnt/i/Talian-li-anzimat-al-muhasaba-/backend/vendor/symfony/console/Command/Command.php(341): Illuminate\\Console\\Command->execute()
#15 /mnt/i/Talian-li-anzimat-al-muhasaba-/backend/vendor/laravel/framework/src/Illuminate/Console/Command.php(182): Symfony\\Component\\Console\\Command\\Command->run()
#16 /mnt/i/Talian-li-anzimat-al-muhasaba-/backend/vendor/symfony/console/Application.php(1117): Illuminate\\Console\\Command->run()
#17 /mnt/i/Talian-li-anzimat-al-muhasaba-/backend/vendor/symfony/console/Application.php(356): Symfony\\Component\\Console\\Application->doRunCommand()
#18 /mnt/i/Talian-li-anzimat-al-muhasaba-/backend/vendor/symfony/console/Application.php(195): Symfony\\Component\\Console\\Application->doRun()
#19 /mnt/i/Talian-li-anzimat-al-muhasaba-/backend/vendor/laravel/framework/src/Illuminate/Foundation/Console/Kernel.php(198): Symfony\\Component\\Console\\Application->run()
#20 /mnt/i/Talian-li-anzimat-al-muhasaba-/backend/artisan(14): Illuminate\\Foundation\\Console\\Kernel->handle()
#21 {main}
"} 
[2026-05-11 06:52:17] local.ERROR: SQLSTATE[HY000] [1698] Access denied for user 'talian'@'localhost' (Connection: mysql, SQL: select exists (select 1 from information_schema.tables where table_schema = 'talian_erp' and table_name = 'migrations' and table_type in ('BASE TABLE', 'SYSTEM VERSIONED')) as `exists`) {"exception":"[object] (Illuminate\\Database\\QueryException(code: 1698): SQLSTATE[HY000] [1698] Access denied for user 'talian'@'localhost' (Connection: mysql, SQL: select exists (select 1 from information_schema.tables where table_schema = 'talian_erp' and table_name = 'migrations' and table_type in ('BASE TABLE', 'SYSTEM VERSIONED')) as `exists`) at /mnt/i/Talian-li-anzimat-al-muhasaba-/backend/vendor/laravel/framework/src/Illuminate/Database/Connection.php:825)
[stacktrace]
#0 /mnt/i/Talian-li-anzimat-al-muhasaba-/backend/vendor/laravel/framework/src/Illuminate/Database/Connection.php(779): Illuminate\\Database\\Connection->runQueryCallback()
#1 /mnt/i/Talian-li-anzimat-al-muhasaba-/backend/vendor/laravel/framework/src/Illuminate/Database/Connection.php(398): Illuminate\\Database\\Connection->run()
#2 /mnt/i/Talian-li-anzimat-al-muhasaba-/backend/vendor/laravel/framework/src/Illuminate/Database/Connection.php(344): Illuminate\\Database\\Connection->select()
#3 /mnt/i/Talian-li-anzimat-al-muhasaba-/backend/vendor/laravel/framework/src/Illuminate/Database/Connection.php(361): Illuminate\\Database\\Connection->selectOne()
#4 /mnt/i/Talian-li-anzimat-al-muhasaba-/backend/vendor/laravel/framework/src/Illuminate/Database/Schema/MySqlBuilder.php(45): Illuminate\\Database\\Connection->scalar()
#5 /mnt/i/Talian-li-anzimat-al-muhasaba-/backend/vendor/laravel/framework/src/Illuminate/Database/Migrations/DatabaseMigrationRepository.php(184): Illuminate\\Database\\Schema\\MySqlBuilder->hasTable()
#6 /mnt/i/Talian-li-anzimat-al-muhasaba-/backend/vendor/laravel/framework/src/Illuminate/Database/Migrations/Migrator.php(742): Illuminate\\Database\\Migrations\\DatabaseMigrationRepository->repositoryExists()
#7 /mnt/i/Talian-li-anzimat-al-muhasaba-/backend/vendor/laravel/framework/src/Illuminate/Database/Console/Migrations/MigrateCommand.php(165): Illuminate\\Database\\Migrations\\Migrator->repositoryExists()
#8 /mnt/i/Talian-li-anzimat-al-muhasaba-/backend/vendor/laravel/framework/src/Illuminate/Support/helpers.php(338): Illuminate\\Database\\Console\\Migrations\\MigrateCommand->Illuminate\\Database\\Console\\Migrations\\{closure}()
#9 /mnt/i/Talian-li-anzimat-al-muhasaba-/backend/vendor/laravel/framework/src/Illuminate/Database/Console/Migrations/MigrateCommand.php(165): retry()
#10 /mnt/i/Talian-li-anzimat-al-muhasaba-/backend/vendor/laravel/framework/src/Illuminate/Database/Console/Migrations/MigrateCommand.php(141): Illuminate\\Database\\Console\\Migrations\\MigrateCommand->repositoryExists()
#11 /mnt/i/Talian-li-anzimat-al-muhasaba-/backend/vendor/laravel/framework/src/Illuminate/Database/Console/Migrations/MigrateCommand.php(111): Illuminate\\Database\\Console\\Migrations\\MigrateCommand->prepareDatabase()
#12 /mnt/i/Talian-li-anzimat-al-muhasaba-/backend/vendor/laravel/framework/src/Illuminate/Database/Migrations/Migrator.php(658): Illuminate\\Database\\Console\\Migrations\\MigrateCommand->Illuminate\\Database\\Console\\Migrations\\{closure}()
#13 /mnt/i/Talian-li-anzimat-al-muhasaba-/backend/vendor/laravel/framework/src/Illuminate/Database/Console/Migrations/MigrateCommand.php(110): Illuminate\\Database\\Migrations\\Migrator->usingConnection()
#14 /mnt/i/Talian-li-anzimat-al-muhasaba-/backend/vendor/laravel/framework/src/Illuminate/Database/Console/Migrations/MigrateCommand.php(89): Illuminate\\Database\\Console\\Migrations\\MigrateCommand->runMigrations()
#15 /mnt/i/Talian-li-anzimat-al-muhasaba-/backend/vendor/laravel/framework/src/Illuminate/Container/BoundMethod.php(36): Illuminate\\Database\\Console\\Migrations\\MigrateCommand->handle()
#16 /mnt/i/Talian-li-anzimat-al-muhasaba-/backend/vendor/laravel/framework/src/Illuminate/Container/Util.php(43): Illuminate\\Container\\BoundMethod::Illuminate\\Container\\{closure}()
#17 /mnt/i/Talian-li-anzimat-al-muhasaba-/backend/vendor/laravel/framework/src/Illuminate/Container/BoundMethod.php(95): Illuminate\\Container\\Util::unwrapIfClosure()
#18 /mnt/i/Talian-li-anzimat-al-muhasaba-/backend/vendor/laravel/framework/src/Illuminate/Container/BoundMethod.php(35): Illuminate\\Container\\BoundMethod::callBoundMethod()
#19 /mnt/i/Talian-li-anzimat-al-muhasaba-/backend/vendor/laravel/framework/src/Illuminate/Container/Container.php(696): Illuminate\\Container\\BoundMethod::call()
#20 /mnt/i/Talian-li-anzimat-al-muhasaba-/backend/vendor/laravel/framework/src/Illuminate/Console/Command.php(213): Illuminate\\Container\\Container->call()
#21 /mnt/i/Talian-li-anzimat-al-muhasaba-/backend/vendor/symfony/console/Command/Command.php(341): Illuminate\\Console\\Command->execute()
#22 /mnt/i/Talian-li-anzimat-al-muhasaba-/backend/vendor/laravel/framework/src/Illuminate/Console/Command.php(182): Symfony\\Component\\Console\\Command\\Command->run()
#23 /mnt/i/Talian-li-anzimat-al-muhasaba-/backend/vendor/symfony/console/Application.php(1117): Illuminate\\Console\\Command->run()
#24 /mnt/i/Talian-li-anzimat-al-muhasaba-/backend/vendor/symfony/console/Application.php(356): Symfony\\Component\\Console\\Application->doRunCommand()
#25 /mnt/i/Talian-li-anzimat-al-muhasaba-/backend/vendor/symfony/console/Application.php(195): Symfony\\Component\\Console\\Application->doRun()
#26 /mnt/i/Talian-li-anzimat-al-muhasaba-/backend/vendor/laravel/framework/src/Illuminate/Foundation/Console/Kernel.php(198): Symfony\\Component\\Console\\Application->run()
#27 /mnt/i/Talian-li-anzimat-al-muhasaba-/backend/artisan(14): Illuminate\\Foundation\\Console\\Kernel->handle()
#28 {main}

[previous exception] [object] (PDOException(code: 1698): SQLSTATE[HY000] [1698] Access denied for user 'talian'@'localhost' at /mnt/i/Talian-li-anzimat-al-muhasaba-/backend/vendor/laravel/framework/src/Illuminate/Database/Connectors/Connector.php:66)
[stacktrace]
#0 /mnt/i/Talian-li-anzimat-al-muhasaba-/backend/vendor/laravel/framework/src/Illuminate/Database/Connectors/Connector.php(66): PDO->__construct()
#1 /mnt/i/Talian-li-anzimat-al-muhasaba-/backend/vendor/laravel/framework/src/Illuminate/Database/Connectors/Connector.php(44): Illuminate\\Database\\Connectors\\Connector->createPdoConnection()
#2 /mnt/i/Talian-li-anzimat-al-muhasaba-/backend/vendor/laravel/framework/src/Illuminate/Database/Connectors/MySqlConnector.php(24): Illuminate\\Database\\Connectors\\Connector->createConnection()
#3 /mnt/i/Talian-li-anzimat-al-muhasaba-/backend/vendor/laravel/framework/src/Illuminate/Database/Connectors/ConnectionFactory.php(185): Illuminate\\Database\\Connectors\\MySqlConnector->connect()
#4 [internal function]: Illuminate\\Database\\Connectors\\ConnectionFactory->Illuminate\\Database\\Connectors\\{closure}()
#5 /mnt/i/Talian-li-anzimat-al-muhasaba-/backend/vendor/laravel/framework/src/Illuminate/Database/Connection.php(1231): call_user_func()
#6 /mnt/i/Talian-li-anzimat-al-muhasaba-/backend/vendor/laravel/framework/src/Illuminate/Database/Connection.php(1267): Illuminate\\Database\\Connection->getPdo()
#7 /mnt/i/Talian-li-anzimat-al-muhasaba-/backend/vendor/laravel/framework/src/Illuminate/Database/Connection.php(512): Illuminate\\Database\\Connection->getReadPdo()
#8 /mnt/i/Talian-li-anzimat-al-muhasaba-/backend/vendor/laravel/framework/src/Illuminate/Database/Connection.php(407): Illuminate\\Database\\Connection->getPdoForSelect()
#9 /mnt/i/Talian-li-anzimat-al-muhasaba-/backend/vendor/laravel/framework/src/Illuminate/Database/Connection.php(812): Illuminate\\Database\\Connection->Illuminate\\Database\\{closure}()
#10 /mnt/i/Talian-li-anzimat-al-muhasaba-/backend/vendor/laravel/framework/src/Illuminate/Database/Connection.php(779): Illuminate\\Database\\Connection->runQueryCallback()
#11 /mnt/i/Talian-li-anzimat-al-muhasaba-/backend/vendor/laravel/framework/src/Illuminate/Database/Connection.php(398): Illuminate\\Database\\Connection->run()
#12 /mnt/i/Talian-li-anzimat-al-muhasaba-/backend/vendor/laravel/framework/src/Illuminate/Database/Connection.php(344): Illuminate\\Database\\Connection->select()
#13 /mnt/i/Talian-li-anzimat-al-muhasaba-/backend/vendor/laravel/framework/src/Illuminate/Database/Connection.php(361): Illuminate\\Database\\Connection->selectOne()
#14 /mnt/i/Talian-li-anzimat-al-muhasaba-/backend/vendor/laravel/framework/src/Illuminate/Database/Schema/MySqlBuilder.php(45): Illuminate\\Database\\Connection->scalar()
#15 /mnt/i/Talian-li-anzimat-al-muhasaba-/backend/vendor/laravel/framework/src/Illuminate/Database/Migrations/DatabaseMigrationRepository.php(184): Illuminate\\Database\\Schema\\MySqlBuilder->hasTable()
#16 /mnt/i/Talian-li-anzimat-al-muhasaba-/backend/vendor/laravel/framework/src/Illuminate/Database/Migrations/Migrator.php(742): Illuminate\\Database\\Migrations\\DatabaseMigrationRepository->repositoryExists()
#17 /mnt/i/Talian-li-anzimat-al-muhasaba-/backend/vendor/laravel/framework/src/Illuminate/Database/Console/Migrations/MigrateCommand.php(165): Illuminate\\Database\\Migrations\\Migrator->repositoryExists()
#18 /mnt/i/Talian-li-anzimat-al-muhasaba-/backend/vendor/laravel/framework/src/Illuminate/Support/helpers.php(338): Illuminate\\Database\\Console\\Migrations\\MigrateCommand->Illuminate\\Database\\Console\\Migrations\\{closure}()
#19 /mnt/i/Talian-li-anzimat-al-muhasaba-/backend/vendor/laravel/framework/src/Illuminate/Database/Console/Migrations/MigrateCommand.php(165): retry()
#20 /mnt/i/Talian-li-anzimat-al-muhasaba-/backend/vendor/laravel/framework/src/Illuminate/Database/Console/Migrations/MigrateCommand.php(141): Illuminate\\Database\\Console\\Migrations\\MigrateCommand->repositoryExists()
#21 /mnt/i/Talian-li-anzimat-al-muhasaba-/backend/vendor/laravel/framework/src/Illuminate/Database/Console/Migrations/MigrateCommand.php(111): Illuminate\\Database\\Console\\Migrations\\MigrateCommand->prepareDatabase()
#22 /mnt/i/Talian-li-anzimat-al-muhasaba-/backend/vendor/laravel/framework/src/Illuminate/Database/Migrations/Migrator.php(658): Illuminate\\Database\\Console\\Migrations\\MigrateCommand->Illuminate\\Database\\Console\\Migrations\\{closure}()
#23 /mnt/i/Talian-li-anzimat-al-muhasaba-/backend/vendor/laravel/framework/src/Illuminate/Database/Console/Migrations/MigrateCommand.php(110): Illuminate\\Database\\Migrations\\Migrator->usingConnection()
#24 /mnt/i/Talian-li-anzimat-al-muhasaba-/backend/vendor/laravel/framework/src/Illuminate/Database/Console/Migrations/MigrateCommand.php(89): Illuminate\\Database\\Console\\Migrations\\MigrateCommand->runMigrations()
#25 /mnt/i/Talian-li-anzimat-al-muhasaba-/backend/vendor/laravel/framework/src/Illuminate/Container/BoundMethod.php(36): Illuminate\\Database\\Console\\Migrations\\MigrateCommand->handle()
#26 /mnt/i/Talian-li-anzimat-al-muhasaba-/backend/vendor/laravel/framework/src/Illuminate/Container/Util.php(43): Illuminate\\Container\\BoundMethod::Illuminate\\Container\\{closure}()
#27 /mnt/i/Talian-li-anzimat-al-muhasaba-/backend/vendor/laravel/framework/src/Illuminate/Container/BoundMethod.php(95): Illuminate\\Container\\Util::unwrapIfClosure()
#28 /mnt/i/Talian-li-anzimat-al-muhasaba-/backend/vendor/laravel/framework/src/Illuminate/Container/BoundMethod.php(35): Illuminate\\Container\\BoundMethod::callBoundMethod()
#29 /mnt/i/Talian-li-anzimat-al-muhasaba-/backend/vendor/laravel/framework/src/Illuminate/Container/Container.php(696): Illuminate\\Container\\BoundMethod::call()
#30 /mnt/i/Talian-li-anzimat-al-muhasaba-/backend/vendor/laravel/framework/src/Illuminate/Console/Command.php(213): Illuminate\\Container\\Container->call()
#31 /mnt/i/Talian-li-anzimat-al-muhasaba-/backend/vendor/symfony/console/Command/Command.php(341): Illuminate\\Console\\Command->execute()
#32 /mnt/i/Talian-li-anzimat-al-muhasaba-/backend/vendor/laravel/framework/src/Illuminate/Console/Command.php(182): Symfony\\Component\\Console\\Command\\Command->run()
#33 /mnt/i/Talian-li-anzimat-al-muhasaba-/backend/vendor/symfony/console/Application.php(1117): Illuminate\\Console\\Command->run()
#34 /mnt/i/Talian-li-anzimat-al-muhasaba-/backend/vendor/symfony/console/Application.php(356): Symfony\\Component\\Console\\Application->doRunCommand()
#35 /mnt/i/Talian-li-anzimat-al-muhasaba-/backend/vendor/symfony/console/Application.php(195): Symfony\\Component\\Console\\Application->doRun()
#36 /mnt/i/Talian-li-anzimat-al-muhasaba-/backend/vendor/laravel/framework/src/Illuminate/Foundation/Console/Kernel.php(198): Symfony\\Component\\Console\\Application->run()
#37 /mnt/i/Talian-li-anzimat-al-muhasaba-/backend/artisan(14): Illuminate\\Foundation\\Console\\Kernel->handle()
#38 {main}
"} 
